#
# There is insufficient memory for the Java Runtime Environment to continue.
# Native memory allocation (mmap) failed to map 266338304 bytes for Failed to commit area from 0x0000000702000000 to 0x0000000711e00000 of length 266338304.
# Possible reasons:
#   The system is out of physical RAM or swap space
#   The process is running with CompressedOops enabled, and the Java Heap may be blocking the growth of the native heap
# Possible solutions:
#   Reduce memory load on the system
#   Increase physical memory or swap space
#   Check if swap backing store is full
#   Decrease Java heap size (-Xmx/-Xms)
#   Decrease number of Java threads
#   Decrease Java thread stack sizes (-Xss)
#   Set larger code cache with -XX:ReservedCodeCacheSize=
# This output file may be truncated or incomplete.
#
#  Out of Memory Error (./src/hotspot/os/windows/os_windows.cpp:3301), pid=18488, tid=9716
#
# JRE version:  (11.0.10+9) (build )
# Java VM: Dynamic Code Evolution 64-Bit Server VM (11.0.10+9-b1341.41, mixed mode, sharing, tiered, compressed oops, g1 gc, windows-amd64)
# No core dump will be written. Minidumps are not enabled by default on client versions of Windows
#

---------------  S U M M A R Y ------------

Command Line: org.jetbrains.git4idea.http.GitAskPassApp Username for 'https://github.com': 

Host: Intel(R) Core(TM) i5-7500 CPU @ 3.40GHz, 4 cores, 15G,  Windows 10 , 64 bit Build 19041 (10.0.19041.928)
Time: Mon Jun  7 23:46:02 2021 中国标准时间 elapsed time: 0.027556 seconds (0d 0h 0m 0s)

---------------  T H R E A D  ---------------

Current thread (0x00000252451ec000):  JavaThread "Unknown thread" [_thread_in_vm, id=9716, stack(0x0000007fdd200000,0x0000007fdd300000)]

Stack: [0x0000007fdd200000,0x0000007fdd300000]
Native frames: (J=compiled Java code, j=interpreted, Vv=VM code, C=native code)
V  [jvm.dll+0x5f84fa]
V  [jvm.dll+0x77e085]
V  [jvm.dll+0x77f5dd]
V  [jvm.dll+0x77fc93]
V  [jvm.dll+0x2457e8]
V  [jvm.dll+0x5f58f4]
V  [jvm.dll+0x5ea975]
V  [jvm.dll+0x30228b]
V  [jvm.dll+0x3021fa]
V  [jvm.dll+0x3020d2]
V  [jvm.dll+0x306fb6]
V  [jvm.dll+0x34f843]
V  [jvm.dll+0x34ff46]
V  [jvm.dll+0x34f943]
V  [jvm.dll+0x2dbcb8]
V  [jvm.dll+0x2dce57]
V  [jvm.dll+0x75c4d7]
V  [jvm.dll+0x75dd6c]
V  [jvm.dll+0x35cdb9]
V  [jvm.dll+0x73fc9e]
V  [jvm.dll+0x3c5663]
V  [jvm.dll+0x3c7a21]
C  [jli.dll+0x5373]
C  [ucrtbase.dll+0x21bb2]
C  [KERNEL32.DLL+0x17034]
C  [ntdll.dll+0x52651]


---------------  P R O C E S S  ---------------

Threads class SMR info:
_java_thread_list=0x00000252450f2690, length=0, elements={
}

Java Threads: ( => current thread )

Other Threads:
  0x0000025245203800 GCTaskThread "GC Thread#0" [stack: 0x0000007fdd300000,0x0000007fdd400000] [id=17136]
  0x000002524525f800 ConcurrentGCThread "G1 Main Marker" [stack: 0x0000007fdd400000,0x0000007fdd500000] [id=29368]
  0x0000025245261000 ConcurrentGCThread "G1 Conc#0" [stack: 0x0000007fdd500000,0x0000007fdd600000] [id=26472]

[error occurred during error reporting (printing all threads), id 0xc0000005, EXCEPTION_ACCESS_VIOLATION (0xc0000005) at pc=0x00007ff906d7c437]

VM state:not at safepoint (not fully initialized)

VM Mutex/Monitor currently owned by a thread:  ([mutex/lock_event])
[0x00000252451e8160] Heap_lock - owner thread: 0x00000252451ec000

Heap address: 0x0000000702000000, size: 4064 MB, Compressed Oops mode: Non-zero based: 0x0000000702000000
Narrow klass base: 0x0000000000000000, Narrow klass shift: 0

GC Heap History (0 events):
No events

Deoptimization events (0 events):
No events

Classes redefined (0 events):
No events

Internal exceptions (0 events):
No events

Events (1 events):
Event: 0.008 Loaded shared library D:\Program Files (x86)\CLion 2021.1.1\jbr\bin\zip.dll


Dynamic libraries:
0x00007ff70ce00000 - 0x00007ff70ce0a000 	D:\Program Files (x86)\CLion 2021.1.1\jbr\bin\java.exe
0x00007ff97a550000 - 0x00007ff97a745000 	C:\WINDOWS\SYSTEM32\ntdll.dll
0x00007ff97a270000 - 0x00007ff97a32d000 	C:\WINDOWS\System32\KERNEL32.DLL
0x00007ff978230000 - 0x00007ff9784f8000 	C:\WINDOWS\System32\KERNELBASE.dll
0x00007ff9780e0000 - 0x00007ff9781e0000 	C:\WINDOWS\System32\ucrtbase.dll
0x00007ff945d40000 - 0x00007ff945d59000 	D:\Program Files (x86)\CLion 2021.1.1\jbr\bin\jli.dll
0x00007ff944a40000 - 0x00007ff944a57000 	D:\Program Files (x86)\CLion 2021.1.1\jbr\bin\VCRUNTIME140.dll
0x00007ff978910000 - 0x00007ff978ab0000 	C:\WINDOWS\System32\USER32.dll
0x00007ff977e40000 - 0x00007ff977e62000 	C:\WINDOWS\System32\win32u.dll
0x00007ff964cc0000 - 0x00007ff964f5a000 	C:\WINDOWS\WinSxS\amd64_microsoft.windows.common-controls_6595b64144ccf1df_6.0.19041.844_none_ca00b6081b84eb1d\COMCTL32.dll
0x00007ff97a4e0000 - 0x00007ff97a50a000 	C:\WINDOWS\System32\GDI32.dll
0x00007ff977c90000 - 0x00007ff977d9b000 	C:\WINDOWS\System32\gdi32full.dll
0x00007ff979a00000 - 0x00007ff979a9e000 	C:\WINDOWS\System32\msvcrt.dll
0x00007ff977da0000 - 0x00007ff977e3d000 	C:\WINDOWS\System32\msvcp_win.dll
0x00007ff9799d0000 - 0x00007ff979a00000 	C:\WINDOWS\System32\IMM32.DLL
0x00007ff92b110000 - 0x00007ff92b1ad000 	D:\Program Files (x86)\CLion 2021.1.1\jbr\bin\msvcp140.dll
0x00007ff906a90000 - 0x00007ff9075df000 	D:\Program Files (x86)\CLion 2021.1.1\jbr\bin\server\jvm.dll
0x00007ff979b10000 - 0x00007ff979bbc000 	C:\WINDOWS\System32\ADVAPI32.dll
0x00007ff979fc0000 - 0x00007ff97a05b000 	C:\WINDOWS\System32\sechost.dll
0x00007ff979bc0000 - 0x00007ff979ceb000 	C:\WINDOWS\System32\RPCRT4.dll
0x00007ff97a460000 - 0x00007ff97a468000 	C:\WINDOWS\System32\PSAPI.DLL
0x00007ff974bd0000 - 0x00007ff974bd9000 	C:\WINDOWS\SYSTEM32\WSOCK32.dll
0x00007ff961ca0000 - 0x00007ff961cc7000 	C:\WINDOWS\SYSTEM32\WINMM.dll
0x00007ff974350000 - 0x00007ff97435a000 	C:\WINDOWS\SYSTEM32\VERSION.dll
0x00007ff979aa0000 - 0x00007ff979b0b000 	C:\WINDOWS\System32\WS2_32.dll
0x00007ff975bc0000 - 0x00007ff975bd2000 	C:\WINDOWS\SYSTEM32\kernel.appcore.dll
0x00007ff9713a0000 - 0x00007ff9713b1000 	D:\Program Files (x86)\CLion 2021.1.1\jbr\bin\verify.dll
0x00007ff967f70000 - 0x00007ff968154000 	C:\WINDOWS\SYSTEM32\DBGHELP.DLL
0x00007ff967f40000 - 0x00007ff967f6c000 	C:\WINDOWS\SYSTEM32\dbgcore.DLL
0x00007ff977fd0000 - 0x00007ff978050000 	C:\WINDOWS\System32\bcryptPrimitives.dll
0x00007ff964430000 - 0x00007ff964459000 	D:\Program Files (x86)\CLion 2021.1.1\jbr\bin\java.dll
0x00007ff964510000 - 0x00007ff96451b000 	D:\Program Files (x86)\CLion 2021.1.1\jbr\bin\jimage.dll
0x00007ff961400000 - 0x00007ff961418000 	D:\Program Files (x86)\CLion 2021.1.1\jbr\bin\zip.dll

dbghelp: loaded successfully - version: 4.0.5 - missing functions: none
symbol engine: initialized successfully - sym options: 0x614 - pdb path: .;D:\Program Files (x86)\CLion 2021.1.1\jbr\bin;C:\WINDOWS\SYSTEM32;C:\WINDOWS\WinSxS\amd64_microsoft.windows.common-controls_6595b64144ccf1df_6.0.19041.844_none_ca00b6081b84eb1d;D:\Program Files (x86)\CLion 2021.1.1\jbr\bin\server

VM Arguments:
java_command: org.jetbrains.git4idea.http.GitAskPassApp Username for 'https://github.com': 
java_class_path (initial): D:/Program Files (x86)/CLion 2021.1.1/plugins/git4idea/lib/git4idea-rt.jar;D:/Program Files (x86)/CLion 2021.1.1/lib/xmlrpc-2.0.1.jar;D:/Program Files (x86)/CLion 2021.1.1/lib/commons-codec-1.15.jar
Launcher Type: SUN_STANDARD

[Global flags]
     intx CICompilerCount                          = 3                                         {product} {ergonomic}
     uint ConcGCThreads                            = 1                                         {product} {ergonomic}
     uint G1ConcRefinementThreads                  = 4                                         {product} {ergonomic}
   size_t G1HeapRegionSize                         = 1048576                                   {product} {ergonomic}
    uintx GCDrainStackTargetSize                   = 64                                        {product} {ergonomic}
   size_t InitialHeapSize                          = 266338304                                 {product} {ergonomic}
   size_t MarkStackSize                            = 4194304                                   {product} {ergonomic}
   size_t MaxHeapSize                              = 4261412864                                {product} {ergonomic}
   size_t MinHeapDeltaBytes                        = 1048576                                   {product} {ergonomic}
    uintx NonNMethodCodeHeapSize                   = 5830732                                {pd product} {ergonomic}
    uintx NonProfiledCodeHeapSize                  = 122913754                              {pd product} {ergonomic}
    uintx ProfiledCodeHeapSize                     = 122913754                              {pd product} {ergonomic}
    uintx ReservedCodeCacheSize                    = 251658240                              {pd product} {ergonomic}
     bool SegmentedCodeCache                       = true                                      {product} {ergonomic}
     bool UseCompressedClassPointers               = true                                 {lp64_product} {ergonomic}
     bool UseCompressedOops                        = true                                 {lp64_product} {ergonomic}
     bool UseG1GC                                  = true                                      {product} {ergonomic}
     bool UseLargePagesIndividualAllocation        = false                                  {pd product} {ergonomic}

Logging:
Log output configuration:
 #0: stdout all=warning uptime,level,tags
 #1: stderr all=off uptime,level,tags

Environment Variables:
PATH=D:\Program Files (x86)\Git\mingw64\libexec\git-core;D:\Program Files (x86)\Git\mingw64\libexec\git-core;D:\Program Files (x86)\Git\mingw64\bin;D:\Program Files (x86)\Git\usr\bin;C:\Users\winter\bin;D:\Program Files (x86)\bin;D:\Program Files (x86)\msmpi\Bin;C:\WINDOWS\system32;C:\WINDOWS;C:\WINDOWS\System32\Wbem;C:\WINDOWS\System32\WindowsPowerShell\v1.0;C:\WINDOWS\System32\OpenSSH;C:\Program Files\dotnet;C:\Program Files\Microsoft SQL Server\130\Tools\Binn;C:\Program Files\Microsoft SQL Server\Client SDK\ODBC\170\Tools\Binn;D:\Program Files (x86)\Git\cmd;D:\Program Files (x86)\node.js;C:\ProgramData\Anaconda3\Scripts;C:\Program Files\Docker\Docker\resources\bin;C:\ProgramData\DockerDesktop\version-bin;C:\Users\winter\AppData\Local\Programs\Python\Python36\Scripts;C:\Users\winter\AppData\Local\Programs\Python\Python36;C:\Users\winter\AppData\Local\Microsoft\WindowsApps;C:\Users\winter\.dotnet\tools;C:\Users\winter\AppData\Roaming\npm;D:\Program Files (x86)\CLion 2021.1.1\bin
USERNAME=winter
DISPLAY=:0.0
LC_ALL=en_US.UTF-8
OS=Windows_NT
PROCESSOR_IDENTIFIER=Intel64 Family 6 Model 158 Stepping 9, GenuineIntel



---------------  S Y S T E M  ---------------

OS: Windows 10 , 64 bit Build 19041 (10.0.19041.928)
OS uptime: 12 days 7:08 hours
Hyper-V role detected

CPU:total 4 (initial active 4) (4 cores per cpu, 1 threads per core) family 6 model 158 stepping 9 microcode 0xb4, cmov, cx8, fxsr, mmx, sse, sse2, sse3, ssse3, sse4.1, sse4.2, popcnt, avx, avx2, aes, clmul, erms, rtm, 3dnowpref, lzcnt, tsc, tscinvbit, bmi1, bmi2, adx, fma

Memory: 4k page, system-wide physical 16254M (3273M free)
TotalPageFile size 35996M (AvailPageFile size 177M)
current process WorkingSet (physical memory assigned to process): 10M, peak: 10M
current process commit charge ("private bytes"): 52M, peak: 306M

vm_info: Dynamic Code Evolution 64-Bit Server VM (11.0.10+9-b1341.41) for windows-amd64 JRE (11.0.10+9-b1341.41), built on Apr 17 2021 07:18:15 by "" with MS VC++ 14.0 (VS2015)

END.
